<?xml version="1.0" encoding="UTF-8"?>
<!-- Generated by org.testng.reporters.JUnitXMLReporter -->
<testsuite ignored="22" hostname="DESKTOP-7IV4I9T" failures="0" tests="1" name="Default test" time="15.496" errors="0" timestamp="2023-01-21T12:31:31 IST">
  <testcase classname="TestNg_framework.WatchList_functionality" name="search_text_Test" time="8.683"/>
  <testcase classname="TestNg_framework.WatchList_functionality" name="time_period_1D_Test" time="0.0">
    <ignored/>
  </testcase> <!-- time_period_1D_Test -->
  <testcase classname="TestNg_framework.WatchList_functionality" name="fundamental_Test" time="0.0">
    <ignored/>
  </testcase> <!-- fundamental_Test -->
  <testcase classname="TestNg_framework.WatchList_functionality" name="time_period_3M_Test" time="0.0">
    <ignored/>
  </testcase> <!-- time_period_3M_Test -->
  <testcase classname="TestNg_framework.WatchList_functionality" name="search_button_Test" time="0.0">
    <ignored/>
  </testcase> <!-- search_button_Test -->
  <testcase classname="TestNg_framework.WatchList_functionality" name="search_stocks_button_Test" time="0.0">
    <ignored/>
  </testcase> <!-- search_stocks_button_Test -->
  <testcase classname="TestNg_framework.WatchList_functionality" name="loginHoverTest" time="0.0">
    <ignored/>
  </testcase> <!-- loginHoverTest -->
  <testcase classname="TestNg_framework.WatchList_functionality" name="equity_button_Test" time="0.0">
    <ignored/>
  </testcase> <!-- equity_button_Test -->
  <testcase classname="TestNg_framework.WatchList_functionality" name="time_period_6M_Test" time="0.0">
    <ignored/>
  </testcase> <!-- time_period_6M_Test -->
  <testcase classname="TestNg_framework.WatchList_functionality" name="time_period_1M_Test" time="0.0">
    <ignored/>
  </testcase> <!-- time_period_1M_Test -->
  <testcase classname="TestNg_framework.WatchList_functionality" name="login_button_Test" time="0.0">
    <ignored/>
  </testcase> <!-- login_button_Test -->
  <testcase classname="TestNg_framework.WatchList_functionality" name="relatedtext_tickers_Test" time="0.0">
    <ignored/>
  </testcase> <!-- relatedtext_tickers_Test -->
  <testcase classname="TestNg_framework.WatchList_functionality" name="edit_saved_watchlist_Test" time="0.0">
    <ignored/>
  </testcase> <!-- edit_saved_watchlist_Test -->
  <testcase classname="TestNg_framework.WatchList_functionality" name="watchlist_icon_logo_Test" time="0.0">
    <ignored/>
  </testcase> <!-- watchlist_icon_logo_Test -->
  <testcase classname="TestNg_framework.WatchList_functionality" name="Activity_test" time="0.0">
    <ignored/>
  </testcase> <!-- Activity_test -->
  <testcase classname="TestNg_framework.WatchList_functionality" name="url_Test" time="0.0">
    <ignored/>
  </testcase> <!-- url_Test -->
  <testcase classname="TestNg_framework.WatchList_functionality" name="time_period_1Y_Test" time="0.0">
    <ignored/>
  </testcase> <!-- time_period_1Y_Test -->
  <testcase classname="TestNg_framework.WatchList_functionality" name="group_by_sector_Test" time="0.0">
    <ignored/>
  </testcase> <!-- group_by_sector_Test -->
  <testcase classname="TestNg_framework.WatchList_functionality" name="performance_Test" time="0.0">
    <ignored/>
  </testcase> <!-- performance_Test -->
  <testcase classname="TestNg_framework.WatchList_functionality" name="watchlist_button_Test" time="0.0">
    <ignored/>
  </testcase> <!-- watchlist_button_Test -->
  <testcase classname="TestNg_framework.WatchList_functionality" name="Forecasts_test" time="0.0">
    <ignored/>
  </testcase> <!-- Forecasts_test -->
  <testcase classname="TestNg_framework.WatchList_functionality" name="group_by_Test" time="0.0">
    <ignored/>
  </testcase> <!-- group_by_Test -->
  <testcase classname="TestNg_framework.WatchList_functionality" name="Technical_test" time="0.0">
    <ignored/>
  </testcase> <!-- Technical_test -->
</testsuite> <!-- Default test -->
