<?xml version="1.0" encoding="UTF-8"?>
<testng-results ignored="22" total="23" passed="1" failed="0" skipped="0">
  <reporter-output>
  </reporter-output>
  <suite started-at="2023-01-22T22:47:20 IST" name="Default suite" finished-at="2023-01-22T22:47:28 IST" duration-ms="8048">
    <groups>
    </groups>
    <test started-at="2023-01-22T22:47:20 IST" name="Default test" finished-at="2023-01-22T22:47:28 IST" duration-ms="8048">
      <class name="TestNg_framework.WatchList_functionality">
        <test-method is-config="true" signature="setup()[pri:0, instance:TestNg_framework.WatchList_functionality@3b6ddd1d]" started-at="2023-01-22T22:47:20 IST" name="setup" finished-at="2023-01-22T22:47:26 IST" duration-ms="5776" status="PASS">
          <reporter-output>
          </reporter-output>
        </test-method> <!-- setup -->
        <test-method signature="login_button_Test()[pri:3, instance:TestNg_framework.WatchList_functionality@3b6ddd1d]" started-at="2023-01-22T22:47:26 IST" name="login_button_Test" finished-at="2023-01-22T22:47:28 IST" duration-ms="1763" status="PASS">
          <reporter-output>
          </reporter-output>
        </test-method> <!-- login_button_Test -->
        <test-method is-config="true" signature="close()[pri:0, instance:TestNg_framework.WatchList_functionality@3b6ddd1d]" started-at="2023-01-22T22:47:28 IST" name="close" finished-at="2023-01-22T22:47:28 IST" duration-ms="440" status="PASS">
          <reporter-output>
          </reporter-output>
        </test-method> <!-- close -->
      </class> <!-- TestNg_framework.WatchList_functionality -->
    </test> <!-- Default test -->
  </suite> <!-- Default suite -->
</testng-results>
