<?xml version="1.0" encoding="UTF-8"?>
<testng-results ignored="22" total="23" passed="1" failed="0" skipped="0">
  <reporter-output>
  </reporter-output>
  <suite started-at="2023-01-21T12:31:16 IST" name="Default suite" finished-at="2023-01-21T12:31:31 IST" duration-ms="15496">
    <groups>
    </groups>
    <test started-at="2023-01-21T12:31:16 IST" name="Default test" finished-at="2023-01-21T12:31:31 IST" duration-ms="15496">
      <class name="TestNg_framework.WatchList_functionality">
        <test-method is-config="true" signature="setup()[pri:0, instance:TestNg_framework.WatchList_functionality@3b6ddd1d]" started-at="2023-01-21T12:31:16 IST" name="setup" finished-at="2023-01-21T12:31:22 IST" duration-ms="6323" status="PASS">
          <reporter-output>
          </reporter-output>
        </test-method> <!-- setup -->
        <test-method signature="search_text_Test()[pri:8, instance:TestNg_framework.WatchList_functionality@3b6ddd1d]" started-at="2023-01-21T12:31:22 IST" name="search_text_Test" finished-at="2023-01-21T12:31:31 IST" duration-ms="8683" status="PASS">
          <reporter-output>
          </reporter-output>
        </test-method> <!-- search_text_Test -->
        <test-method is-config="true" signature="close()[pri:0, instance:TestNg_framework.WatchList_functionality@3b6ddd1d]" started-at="2023-01-21T12:31:31 IST" name="close" finished-at="2023-01-21T12:31:31 IST" duration-ms="438" status="PASS">
          <reporter-output>
          </reporter-output>
        </test-method> <!-- close -->
      </class> <!-- TestNg_framework.WatchList_functionality -->
    </test> <!-- Default test -->
  </suite> <!-- Default suite -->
</testng-results>
